venv) ashok@ubuntu:~/work/latest/kedro-integrated-fast-api$ python main.py 
‚ö†Ô∏è Redis not available, using in-memory cache
2026-02-01 16:20:11,339 - __main__ - INFO - üéØ ML Platform starting on http://localhost:8000
INFO:     Started server process [35821]
INFO:     Waiting for application startup.
2026-02-01 16:20:11,354 - __main__ - INFO - üöÄ Starting ML Platform Application...
2026-02-01 16:20:11,354 - __main__ - INFO - üì¶ Initializing database tables...
2026-02-01 16:20:11,536 - __main__ - INFO - ‚úÖ Database tables created/verified
2026-02-01 16:20:11,536 - __main__ - INFO - ‚úÖ Default data initialized
2026-02-01 16:20:11,536 - __main__ - INFO - ======================================================================
2026-02-01 16:20:11,536 - __main__ - INFO - ‚úÖ ML PLATFORM READY!
2026-02-01 16:20:11,536 - __main__ - INFO - ======================================================================
2026-02-01 16:20:11,536 - __main__ - INFO - üìç API Documentation: http://localhost:8000/docs
2026-02-01 16:20:11,536 - __main__ - INFO - üìç EDA Health: GET /api/eda/health
2026-02-01 16:20:11,536 - __main__ - INFO - ======================================================================
INFO:     Application startup complete.
INFO:     Uvicorn running on http://0.0.0.0:8000 (Press CTRL+C to quit)
INFO:     192.168.1.26:57403 - "GET /health HTTP/1.1" 200 OK
INFO:     192.168.1.26:57403 - "GET /api/auth/me HTTP/1.1" 404 Not Found
INFO:     192.168.1.26:63349 - "OPTIONS /api/auth/register HTTP/1.1" 200 OK
INFO:     192.168.1.26:65530 - "POST /api/auth/register HTTP/1.1" 200 OK
2026-02-01 16:20:31,065 - __main__ - ERROR - ‚ùå Unhandled exception: (sqlite3.IntegrityError) UNIQUE constraint failed: users.email
[SQL: INSERT INTO users (id, username, email, password_hash, created_at) VALUES (?, ?, ?, ?, ?)]
[parameters: ('da0a0ad7-f681-4fec-a280-9baca83b86ab', 'ashok@gmail.com', 'ashok@gmail.com', 'password', '2026-02-01 16:20:31.064234')]
(Background on this error at: https://sqlalche.me/e/20/gkpj)
Traceback (most recent call last):
  File "/home/ashok/work/latest/kedro-integrated-fast-api/venv/lib/python3.12/site-packages/sqlalchemy/engine/base.py", line 1967, in _exec_single_context
    self.dialect.do_execute(
  File "/home/ashok/work/latest/kedro-integrated-fast-api/venv/lib/python3.12/site-packages/sqlalchemy/engine/default.py", line 952, in do_execute
    cursor.execute(statement, parameters)
sqlite3.IntegrityError: UNIQUE constraint failed: users.email

The above exception was the direct cause of the following exception:

Traceback (most recent call last):
  File "/home/ashok/work/latest/kedro-integrated-fast-api/venv/lib/python3.12/site-packages/starlette/middleware/errors.py", line 164, in __call__
    await self.app(scope, receive, _send)
  File "/home/ashok/work/latest/kedro-integrated-fast-api/venv/lib/python3.12/site-packages/starlette/middleware/cors.py", line 93, in __call__
    await self.simple_response(scope, receive, send, request_headers=headers)
  File "/home/ashok/work/latest/kedro-integrated-fast-api/venv/lib/python3.12/site-packages/starlette/middleware/cors.py", line 144, in simple_response
    await self.app(scope, receive, send)
  File "/home/ashok/work/latest/kedro-integrated-fast-api/venv/lib/python3.12/site-packages/starlette/middleware/exceptions.py", line 63, in __call__
    await wrap_app_handling_exceptions(self.app, conn)(scope, receive, send)
  File "/home/ashok/work/latest/kedro-integrated-fast-api/venv/lib/python3.12/site-packages/starlette/_exception_handler.py", line 53, in wrapped_app
    raise exc
  File "/home/ashok/work/latest/kedro-integrated-fast-api/venv/lib/python3.12/site-packages/starlette/_exception_handler.py", line 42, in wrapped_app
    await app(scope, receive, sender)
  File "/home/ashok/work/latest/kedro-integrated-fast-api/venv/lib/python3.12/site-packages/fastapi/middleware/asyncexitstack.py", line 18, in __call__
    await self.app(scope, receive, send)
  File "/home/ashok/work/latest/kedro-integrated-fast-api/venv/lib/python3.12/site-packages/starlette/routing.py", line 716, in __call__
    await self.middleware_stack(scope, receive, send)
  File "/home/ashok/work/latest/kedro-integrated-fast-api/venv/lib/python3.12/site-packages/starlette/routing.py", line 736, in app
    await route.handle(scope, receive, send)
  File "/home/ashok/work/latest/kedro-integrated-fast-api/venv/lib/python3.12/site-packages/starlette/routing.py", line 290, in handle
    await self.app(scope, receive, send)
  File "/home/ashok/work/latest/kedro-integrated-fast-api/venv/lib/python3.12/site-packages/fastapi/routing.py", line 115, in app
    await wrap_app_handling_exceptions(app, request)(scope, receive, send)
  File "/home/ashok/work/latest/kedro-integrated-fast-api/venv/lib/python3.12/site-packages/starlette/_exception_handler.py", line 53, in wrapped_app
    raise exc
  File "/home/ashok/work/latest/kedro-integrated-fast-api/venv/lib/python3.12/site-packages/starlette/_exception_handler.py", line 42, in wrapped_app
    await app(scope, receive, sender)
  File "/home/ashok/work/latest/kedro-integrated-fast-api/venv/lib/python3.12/site-packages/fastapi/routing.py", line 101, in app
    response = await f(request)
               ^^^^^^^^^^^^^^^^
  File "/home/ashok/work/latest/kedro-integrated-fast-api/venv/lib/python3.12/site-packages/fastapi/routing.py", line 355, in app
    raw_response = await run_endpoint_function(
                   ^^^^^^^^^^^^^^^^^^^^^^^^^^^^
  File "/home/ashok/work/latest/kedro-integrated-fast-api/venv/lib/python3.12/site-packages/fastapi/routing.py", line 243, in run_endpoint_function
    return await dependant.call(**values)
           ^^^^^^^^^^^^^^^^^^^^^^^^^^^^^^
  File "/home/ashok/work/latest/kedro-integrated-fast-api/app/api/auth.py", line 87, in login
    db.commit()
  File "/home/ashok/work/latest/kedro-integrated-fast-api/venv/lib/python3.12/site-packages/sqlalchemy/orm/session.py", line 2030, in commit
    trans.commit(_to_root=True)
  File "<string>", line 2, in commit
  File "/home/ashok/work/latest/kedro-integrated-fast-api/venv/lib/python3.12/site-packages/sqlalchemy/orm/state_changes.py", line 137, in _go
    ret_value = fn(self, *arg, **kw)
                ^^^^^^^^^^^^^^^^^^^^
  File "/home/ashok/work/latest/kedro-integrated-fast-api/venv/lib/python3.12/site-packages/sqlalchemy/orm/session.py", line 1311, in commit
    self._prepare_impl()
  File "<string>", line 2, in _prepare_impl
  File "/home/ashok/work/latest/kedro-integrated-fast-api/venv/lib/python3.12/site-packages/sqlalchemy/orm/state_changes.py", line 137, in _go
    ret_value = fn(self, *arg, **kw)
                ^^^^^^^^^^^^^^^^^^^^
  File "/home/ashok/work/latest/kedro-integrated-fast-api/venv/lib/python3.12/site-packages/sqlalchemy/orm/session.py", line 1286, in _prepare_impl
    self.session.flush()
  File "/home/ashok/work/latest/kedro-integrated-fast-api/venv/lib/python3.12/site-packages/sqlalchemy/orm/session.py", line 4331, in flush
    self._flush(objects)
  File "/home/ashok/work/latest/kedro-integrated-fast-api/venv/lib/python3.12/site-packages/sqlalchemy/orm/session.py", line 4466, in _flush
    with util.safe_reraise():
  File "/home/ashok/work/latest/kedro-integrated-fast-api/venv/lib/python3.12/site-packages/sqlalchemy/util/langhelpers.py", line 224, in __exit__
    raise exc_value.with_traceback(exc_tb)
  File "/home/ashok/work/latest/kedro-integrated-fast-api/venv/lib/python3.12/site-packages/sqlalchemy/orm/session.py", line 4427, in _flush
    flush_context.execute()
  File "/home/ashok/work/latest/kedro-integrated-fast-api/venv/lib/python3.12/site-packages/sqlalchemy/orm/unitofwork.py", line 466, in execute
    rec.execute(self)
  File "/home/ashok/work/latest/kedro-integrated-fast-api/venv/lib/python3.12/site-packages/sqlalchemy/orm/unitofwork.py", line 642, in execute
    util.preloaded.orm_persistence.save_obj(
  File "/home/ashok/work/latest/kedro-integrated-fast-api/venv/lib/python3.12/site-packages/sqlalchemy/orm/persistence.py", line 93, in save_obj
    _emit_insert_statements(
  File "/home/ashok/work/latest/kedro-integrated-fast-api/venv/lib/python3.12/site-packages/sqlalchemy/orm/persistence.py", line 1048, in _emit_insert_statements
    result = connection.execute(
             ^^^^^^^^^^^^^^^^^^^
  File "/home/ashok/work/latest/kedro-integrated-fast-api/venv/lib/python3.12/site-packages/sqlalchemy/engine/base.py", line 1419, in execute
    return meth(
           ^^^^^
  File "/home/ashok/work/latest/kedro-integrated-fast-api/venv/lib/python3.12/site-packages/sqlalchemy/sql/elements.py", line 527, in _execute_on_connection
    return connection._execute_clauseelement(
           ^^^^^^^^^^^^^^^^^^^^^^^^^^^^^^^^^^
  File "/home/ashok/work/latest/kedro-integrated-fast-api/venv/lib/python3.12/site-packages/sqlalchemy/engine/base.py", line 1641, in _execute_clauseelement
    ret = self._execute_context(
          ^^^^^^^^^^^^^^^^^^^^^^
  File "/home/ashok/work/latest/kedro-integrated-fast-api/venv/lib/python3.12/site-packages/sqlalchemy/engine/base.py", line 1846, in _execute_context
    return self._exec_single_context(
           ^^^^^^^^^^^^^^^^^^^^^^^^^^
  File "/home/ashok/work/latest/kedro-integrated-fast-api/venv/lib/python3.12/site-packages/sqlalchemy/engine/base.py", line 1986, in _exec_single_context
    self._handle_dbapi_exception(
  File "/home/ashok/work/latest/kedro-integrated-fast-api/venv/lib/python3.12/site-packages/sqlalchemy/engine/base.py", line 2363, in _handle_dbapi_exception
    raise sqlalchemy_exception.with_traceback(exc_info[2]) from e
  File "/home/ashok/work/latest/kedro-integrated-fast-api/venv/lib/python3.12/site-packages/sqlalchemy/engine/base.py", line 1967, in _exec_single_context
    self.dialect.do_execute(
  File "/home/ashok/work/latest/kedro-integrated-fast-api/venv/lib/python3.12/site-packages/sqlalchemy/engine/default.py", line 952, in do_execute
    cursor.execute(statement, parameters)
sqlalchemy.exc.IntegrityError: (sqlite3.IntegrityError) UNIQUE constraint failed: users.email
[SQL: INSERT INTO users (id, username, email, password_hash, created_at) VALUES (?, ?, ?, ?, ?)]
[parameters: ('da0a0ad7-f681-4fec-a280-9baca83b86ab', 'ashok@gmail.com', 'ashok@gmail.com', 'password', '2026-02-01 16:20:31.064234')]
(Background on this error at: https://sqlalche.me/e/20/gkpj)
INFO:     192.168.1.26:65530 - "POST /api/auth/login HTTP/1.1" 500 Internal Server Error
ERROR:    Exception in ASGI application
Traceback (most recent call last):
  File "/home/ashok/work/latest/kedro-integrated-fast-api/venv/lib/python3.12/site-packages/sqlalchemy/engine/base.py", line 1967, in _exec_single_context
    self.dialect.do_execute(
  File "/home/ashok/work/latest/kedro-integrated-fast-api/venv/lib/python3.12/site-packages/sqlalchemy/engine/default.py", line 952, in do_execute
    cursor.execute(statement, parameters)
sqlite3.IntegrityError: UNIQUE constraint failed: users.email

The above exception was the direct cause of the following exception:

Traceback (most recent call last):
  File "/home/ashok/work/latest/kedro-integrated-fast-api/venv/lib/python3.12/site-packages/uvicorn/protocols/http/h11_impl.py", line 410, in run_asgi
    result = await app(  # type: ignore[func-returns-value]
             ^^^^^^^^^^^^^^^^^^^^^^^^^^^^^^^^^^^^^^^^^^^^^^
  File "/home/ashok/work/latest/kedro-integrated-fast-api/venv/lib/python3.12/site-packages/uvicorn/middleware/proxy_headers.py", line 60, in __call__
    return await self.app(scope, receive, send)
           ^^^^^^^^^^^^^^^^^^^^^^^^^^^^^^^^^^^^
  File "/home/ashok/work/latest/kedro-integrated-fast-api/venv/lib/python3.12/site-packages/fastapi/applications.py", line 1135, in __call__
    await super().__call__(scope, receive, send)
  File "/home/ashok/work/latest/kedro-integrated-fast-api/venv/lib/python3.12/site-packages/starlette/applications.py", line 107, in __call__
    await self.middleware_stack(scope, receive, send)
  File "/home/ashok/work/latest/kedro-integrated-fast-api/venv/lib/python3.12/site-packages/starlette/middleware/errors.py", line 186, in __call__
    raise exc
  File "/home/ashok/work/latest/kedro-integrated-fast-api/venv/lib/python3.12/site-packages/starlette/middleware/errors.py", line 164, in __call__
    await self.app(scope, receive, _send)
  File "/home/ashok/work/latest/kedro-integrated-fast-api/venv/lib/python3.12/site-packages/starlette/middleware/cors.py", line 93, in __call__
    await self.simple_response(scope, receive, send, request_headers=headers)
  File "/home/ashok/work/latest/kedro-integrated-fast-api/venv/lib/python3.12/site-packages/starlette/middleware/cors.py", line 144, in simple_response
    await self.app(scope, receive, send)
  File "/home/ashok/work/latest/kedro-integrated-fast-api/venv/lib/python3.12/site-packages/starlette/middleware/exceptions.py", line 63, in __call__
    await wrap_app_handling_exceptions(self.app, conn)(scope, receive, send)
  File "/home/ashok/work/latest/kedro-integrated-fast-api/venv/lib/python3.12/site-packages/starlette/_exception_handler.py", line 53, in wrapped_app
    raise exc
  File "/home/ashok/work/latest/kedro-integrated-fast-api/venv/lib/python3.12/site-packages/starlette/_exception_handler.py", line 42, in wrapped_app
    await app(scope, receive, sender)
  File "/home/ashok/work/latest/kedro-integrated-fast-api/venv/lib/python3.12/site-packages/fastapi/middleware/asyncexitstack.py", line 18, in __call__
    await self.app(scope, receive, send)
  File "/home/ashok/work/latest/kedro-integrated-fast-api/venv/lib/python3.12/site-packages/starlette/routing.py", line 716, in __call__
    await self.middleware_stack(scope, receive, send)
  File "/home/ashok/work/latest/kedro-integrated-fast-api/venv/lib/python3.12/site-packages/starlette/routing.py", line 736, in app
    await route.handle(scope, receive, send)
  File "/home/ashok/work/latest/kedro-integrated-fast-api/venv/lib/python3.12/site-packages/starlette/routing.py", line 290, in handle
    await self.app(scope, receive, send)
  File "/home/ashok/work/latest/kedro-integrated-fast-api/venv/lib/python3.12/site-packages/fastapi/routing.py", line 115, in app
    await wrap_app_handling_exceptions(app, request)(scope, receive, send)
  File "/home/ashok/work/latest/kedro-integrated-fast-api/venv/lib/python3.12/site-packages/starlette/_exception_handler.py", line 53, in wrapped_app
    raise exc
  File "/home/ashok/work/latest/kedro-integrated-fast-api/venv/lib/python3.12/site-packages/starlette/_exception_handler.py", line 42, in wrapped_app
    await app(scope, receive, sender)
  File "/home/ashok/work/latest/kedro-integrated-fast-api/venv/lib/python3.12/site-packages/fastapi/routing.py", line 101, in app
    response = await f(request)
               ^^^^^^^^^^^^^^^^
  File "/home/ashok/work/latest/kedro-integrated-fast-api/venv/lib/python3.12/site-packages/fastapi/routing.py", line 355, in app
    raw_response = await run_endpoint_function(
                   ^^^^^^^^^^^^^^^^^^^^^^^^^^^^
  File "/home/ashok/work/latest/kedro-integrated-fast-api/venv/lib/python3.12/site-packages/fastapi/routing.py", line 243, in run_endpoint_function
    return await dependant.call(**values)
           ^^^^^^^^^^^^^^^^^^^^^^^^^^^^^^
  File "/home/ashok/work/latest/kedro-integrated-fast-api/app/api/auth.py", line 87, in login
    db.commit()
  File "/home/ashok/work/latest/kedro-integrated-fast-api/venv/lib/python3.12/site-packages/sqlalchemy/orm/session.py", line 2030, in commit
    trans.commit(_to_root=True)
  File "<string>", line 2, in commit
  File "/home/ashok/work/latest/kedro-integrated-fast-api/venv/lib/python3.12/site-packages/sqlalchemy/orm/state_changes.py", line 137, in _go
    ret_value = fn(self, *arg, **kw)
                ^^^^^^^^^^^^^^^^^^^^
  File "/home/ashok/work/latest/kedro-integrated-fast-api/venv/lib/python3.12/site-packages/sqlalchemy/orm/session.py", line 1311, in commit
    self._prepare_impl()
  File "<string>", line 2, in _prepare_impl
  File "/home/ashok/work/latest/kedro-integrated-fast-api/venv/lib/python3.12/site-packages/sqlalchemy/orm/state_changes.py", line 137, in _go
    ret_value = fn(self, *arg, **kw)
                ^^^^^^^^^^^^^^^^^^^^
  File "/home/ashok/work/latest/kedro-integrated-fast-api/venv/lib/python3.12/site-packages/sqlalchemy/orm/session.py", line 1286, in _prepare_impl
    self.session.flush()
  File "/home/ashok/work/latest/kedro-integrated-fast-api/venv/lib/python3.12/site-packages/sqlalchemy/orm/session.py", line 4331, in flush
    self._flush(objects)
  File "/home/ashok/work/latest/kedro-integrated-fast-api/venv/lib/python3.12/site-packages/sqlalchemy/orm/session.py", line 4466, in _flush
    with util.safe_reraise():
  File "/home/ashok/work/latest/kedro-integrated-fast-api/venv/lib/python3.12/site-packages/sqlalchemy/util/langhelpers.py", line 224, in __exit__
    raise exc_value.with_traceback(exc_tb)
  File "/home/ashok/work/latest/kedro-integrated-fast-api/venv/lib/python3.12/site-packages/sqlalchemy/orm/session.py", line 4427, in _flush
    flush_context.execute()
  File "/home/ashok/work/latest/kedro-integrated-fast-api/venv/lib/python3.12/site-packages/sqlalchemy/orm/unitofwork.py", line 466, in execute
    rec.execute(self)
  File "/home/ashok/work/latest/kedro-integrated-fast-api/venv/lib/python3.12/site-packages/sqlalchemy/orm/unitofwork.py", line 642, in execute
    util.preloaded.orm_persistence.save_obj(
  File "/home/ashok/work/latest/kedro-integrated-fast-api/venv/lib/python3.12/site-packages/sqlalchemy/orm/persistence.py", line 93, in save_obj
    _emit_insert_statements(
  File "/home/ashok/work/latest/kedro-integrated-fast-api/venv/lib/python3.12/site-packages/sqlalchemy/orm/persistence.py", line 1048, in _emit_insert_statements
    result = connection.execute(
             ^^^^^^^^^^^^^^^^^^^
  File "/home/ashok/work/latest/kedro-integrated-fast-api/venv/lib/python3.12/site-packages/sqlalchemy/engine/base.py", line 1419, in execute
    return meth(
           ^^^^^
  File "/home/ashok/work/latest/kedro-integrated-fast-api/venv/lib/python3.12/site-packages/sqlalchemy/sql/elements.py", line 527, in _execute_on_connection
    return connection._execute_clauseelement(
           ^^^^^^^^^^^^^^^^^^^^^^^^^^^^^^^^^^
  File "/home/ashok/work/latest/kedro-integrated-fast-api/venv/lib/python3.12/site-packages/sqlalchemy/engine/base.py", line 1641, in _execute_clauseelement
    ret = self._execute_context(
          ^^^^^^^^^^^^^^^^^^^^^^
  File "/home/ashok/work/latest/kedro-integrated-fast-api/venv/lib/python3.12/site-packages/sqlalchemy/engine/base.py", line 1846, in _execute_context
    return self._exec_single_context(
           ^^^^^^^^^^^^^^^^^^^^^^^^^^
  File "/home/ashok/work/latest/kedro-integrated-fast-api/venv/lib/python3.12/site-packages/sqlalchemy/engine/base.py", line 1986, in _exec_single_context
    self._handle_dbapi_exception(
  File "/home/ashok/work/latest/kedro-integrated-fast-api/venv/lib/python3.12/site-packages/sqlalchemy/engine/base.py", line 2363, in _handle_dbapi_exception
    raise sqlalchemy_exception.with_traceback(exc_info[2]) from e
  File "/home/ashok/work/latest/kedro-integrated-fast-api/venv/lib/python3.12/site-packages/sqlalchemy/engine/base.py", line 1967, in _exec_single_context
    self.dialect.do_execute(
  File "/home/ashok/work/latest/kedro-integrated-fast-api/venv/lib/python3.12/site-packages/sqlalchemy/engine/default.py", line 952, in do_execute
    cursor.execute(statement, parameters)
sqlalchemy.exc.IntegrityError: (sqlite3.IntegrityError) UNIQUE constraint failed: users.email
[SQL: INSERT INTO users (id, username, email, password_hash, created_at) VALUES (?, ?, ?, ?, ?)]
[parameters: ('da0a0ad7-f681-4fec-a280-9baca83b86ab', 'ashok@gmail.com', 'ashok@gmail.com', 'password', '2026-02-01 16:20:31.064234')]
(Background on this error at: https://sqlalche.me/e/20/gkpj)
INFO:     192.168.1.26:63480 - "GET /api/projects HTTP/1.1" 307 Temporary Redirect
INFO:     192.168.1.26:63480 - "GET /api/projects/ HTTP/1.1" 200 OK
INFO:     192.168.1.26:63480 - "OPTIONS /api/activities HTTP/1.1" 200 OK
INFO:     192.168.1.26:49990 - "GET /api/activities HTTP/1.1" 307 Temporary Redirect
INFO:     192.168.1.26:49990 - "OPTIONS /api/activities/ HTTP/1.1" 200 OK
INFO:     192.168.1.26:49990 - "GET /api/activities/ HTTP/1.1" 200 OK


